<?xml version="1.0" encoding="UTF-8"?>
<testsuite xmlns:xsi="http://www.w3.org/2001/XMLSchema-instance" xsi:noNamespaceSchemaLocation="https://maven.apache.org/surefire/maven-surefire-plugin/xsd/surefire-test-report.xsd" name="CalculatorSinTest" time="0.002" tests="5" errors="0" skipped="0" failures="0">
  <properties>
[...]
</properties>
  <testcase name="sinPositiveTest{double, double, Calculator}[1]" classname="CalculatorSinTest" time="0"/>
  <testcase name="sinPositiveTest{double, double, Calculator}[2]" classname="CalculatorSinTest" time="0"/>
  <testcase name="sinPositiveTest{double, double, Calculator}[3]" classname="CalculatorSinTest" time="0"/>
  <testcase name="sinPositiveTest{double, double, Calculator}[4]" classname="CalculatorSinTest" time="0"/>
  <testcase name="sinForPIValueTest" classname="CalculatorSinTest" time="0"/>
</testsuite>